Commit at 2024-11-06 16:51:19: Improve model evaluation metrics
Commit at 2024-11-06 16:22:53: Improve error handling and logging
Commit at 2024-11-08 17:39:45: Refactor core logic for better performance
Commit at 2024-11-11 16:11:07: Fix minor bug in data processing
Commit at 2024-11-11 13:04:54: Improve error handling and logging
Commit at 2024-11-11 15:17:50: Improve error handling and logging
Commit at 2024-11-12 16:35:41: Add support for new data formats
Commit at 2024-11-12 13:10:43: Fix security vulnerability in third-party library
Commit at 2024-11-12 11:17:39: Fix minor bug in data processing
Commit at 2024-11-13 09:41:10: Improve error handling and logging
Commit at 2024-11-14 11:21:25: Add unit tests for new features
Commit at 2024-11-14 09:57:22: Implement new feature requested by users
Commit at 2024-11-19 15:07:31: Update dependencies to latest versions
Commit at 2024-11-20 12:31:23: Update dependencies to latest versions
Commit at 2024-11-25 16:43:57: Clean up code and remove deprecated functions
Commit at 2024-11-27 13:10:14: Fix security vulnerability in third-party library
Commit at 2024-11-28 11:56:05: Update documentation and examples
Commit at 2024-11-28 17:16:12: Improve error handling and logging
Commit at 2024-11-29 16:15:16: Clean up code and remove deprecated functions
Commit at 2024-12-02 10:19:06: Enhance visualization tools
Commit at 2024-12-02 10:47:51: Fix security vulnerability in third-party library
Commit at 2024-12-03 12:52:26: Update README with more detailed instructions
Commit at 2024-12-03 10:30:35: Improve model evaluation metrics
Commit at 2024-12-04 09:14:14: Improve error handling and logging
Commit at 2024-12-04 13:05:45: Optimize database queries
Commit at 2024-12-04 13:22:24: Add unit tests for new features
Commit at 2024-12-06 09:43:30: Optimize database queries
Commit at 2024-12-06 17:34:42: Fix security vulnerability in third-party library
Commit at 2024-12-06 15:56:47: Improve model evaluation metrics
Commit at 2024-12-11 12:38:05: Improve error handling and logging
Commit at 2024-12-16 15:03:47: Update documentation and examples
Commit at 2024-12-16 10:46:47: Update README with more detailed instructions
Commit at 2024-12-16 10:39:36: Add support for new data formats
Commit at 2024-12-16 11:15:34: Add support for new data formats
Commit at 2024-12-17 18:37:01: Refactor core logic for better performance
